<?xml version="1.0" encoding="UTF-8"?>
<!-- Generated by org.testng.reporters.JUnitReportReporter -->
<testsuite skipped="0" hostname="DESKTOP-D6CLOPS" name="Local_Test" tests="1" failures="0" timestamp="21 Feb 2019 22:31:29 GMT" time="5.187" errors="0">
  <testcase name="intia" time="5.187" classname="Local_Test"/>
</testsuite> <!-- Local_Test -->
